#
# A fatal error has been detected by the Java Runtime Environment:
#
#  EXCEPTION_ACCESS_VIOLATION (0xc0000005) at pc=0x00007ffa06453004, pid=83616, tid=68648
#
# JRE version: OpenJDK Runtime Environment (24.0+36) (build 24+36-3646)
# Java VM: OpenJDK 64-Bit Server VM (24+36-3646, mixed mode, sharing, tiered, compressed oops, compressed class ptrs, g1 gc, windows-amd64)
# Problematic frame:
# C  [libasyncProfiler.dll+0x93004]
#
# No core dump will be written. Minidumps are not enabled by default on client versions of Windows
#
# JFR recording file will be written. Location: C:\Users\Admin\Desktop\Module2_Java\_8Clean_Code\hs_err_pid83616.jfr
#
# If you would like to submit a bug report, please visit:
#   https://bugreport.java.com/bugreport/crash.jsp
# The crash happened outside the Java Virtual Machine in native code.
# See problematic frame for where to report the bug.
#

---------------  S U M M A R Y ------------

Command Line: -ea -Didea.test.cyclic.buffer.size=1048576 -javaagent:C:\Program Files\JetBrains\IntelliJ IDEA 2024.3.5\lib\idea_rt.jar=53651 -javaagent:C:\Users\Admin\AppData\Local\JetBrains\IntelliJIdea2024.3\captureAgent\debugger-agent.jar -Dkotlinx.coroutines.debug.enable.creation.stack.trace=false -Ddebugger.agent.enable.coroutines=true -Dkotlinx.coroutines.debug.enable.flows.stack.trace=true -Dkotlinx.coroutines.debug.enable.mutable.state.flows.stack.trace=true -agentpath:C:\Users\Admin\AppData\Local\Temp\idea_libasyncProfiler_dll_temp_folder2\libasyncProfiler.dll=start,jfr,event=wall,interval=10ms,jfrsync=profile,cstack=no,file=C:\Users\Admin\IdeaSnapshots\CalculatorTest__1__2025_04_16_112510.jfr,dbghelppath=C:\Users\Admin\AppData\Local\Temp\idea_dbghelp_dll_temp_folder1\dbghelp.dll,log=C:\Users\Admin\AppData\Local\Temp\CalculatorTest__1__2025_04_16_112510.jfr.log.txt,logLevel=DEBUG -Dfile.encoding=UTF-8 -Dsun.stdout.encoding=UTF-8 -Dsun.stderr.encoding=UTF-8 com.intellij.rt.junit.JUnitStarter -ideVersion5 CalculatorTest

Host: 12th Gen Intel(R) Core(TM) i5-12450H, 12 cores, 15G,  Windows 11 , 64 bit Build 26100 (10.0.26100.3775)
Time: Wed Apr 16 11:25:11 2025 SE Asia Standard Time elapsed time: 0.383818 seconds (0d 0h 0m 0s)

---------------  T H R E A D  ---------------

Current thread (0x0000017abc711ad0):  JavaThread "main"             [_thread_in_native, id=68648, stack(0x0000006db2800000,0x0000006db2900000) (1024K)]

Stack: [0x0000006db2800000,0x0000006db2900000],  sp=0x0000006db28fe8d0,  free space=1018k
Native frames: (J=compiled Java code, j=interpreted, Vv=VM code, C=native code)
C  [libasyncProfiler.dll+0x93004]  (no source info available)
C  [libasyncProfiler.dll+0x934db]  (no source info available)
C  [libasyncProfiler.dll+0x92134]  (no source info available)
C  [libasyncProfiler.dll+0x929aa]  (no source info available)
C  [libasyncProfiler.dll+0x8d561]  (no source info available)
C  [libasyncProfiler.dll+0x7ef21]  (no source info available)
C  [libasyncProfiler.dll+0x7dc38]  (no source info available)
C  [libasyncProfiler.dll+0x7db20]  (no source info available)
C  [libasyncProfiler.dll+0x83c3c]  (no source info available)
V  [jvm.dll+0x5e3a5e]  (no source info available)
V  [jvm.dll+0x8861e6]  (no source info available)
V  [jvm.dll+0x49604e]  (no source info available)
V  [jvm.dll+0x497e21]  (no source info available)
C  [jli.dll+0x52a1]  (no source info available)
C  [ucrtbase.dll+0x37b0]  (no source info available)
C  [KERNEL32.DLL+0x2e8d7]  (no source info available)
C  [ntdll.dll+0xb14fc]  (no source info available)


siginfo: EXCEPTION_ACCESS_VIOLATION (0xc0000005), reading address 0xffffffffffffffff


Registers:
RAX=0x0000000000000010, RBX=0x0000000000000000, RCX=0xffffffffffffffff, RDX=0x007ff9fe432ff010
RSP=0x0000006db28fe8d0, RBP=0x0000017adf3cae30, RSI=0x0000006db28fea40, RDI=0x0000017adf3cae30
R8 =0x0000000000000042, R9 =0x0000000714201ee8, R10=0x00007ff9fe6a9fc0, R11=0x0000000000000004
R12=0x0000006db28fea40, R13=0x0000017abc7071e0, R14=0x0000017abc711e98, R15=0x0000017abc711e98
RIP=0x00007ffa06453004, EFLAGS=0x0000000000010202

XMM[0]=0x0000000000000000 0x0000000000000000
XMM[1]=0x0000000000000000 0x0000000000000000
XMM[2]=0x0000000000000000 0x0000000000000000
XMM[3]=0x0000000000000000 0x0000000000000000
XMM[4]=0x0000000000000000 0x0000000000000000
XMM[5]=0x0000000000000000 0x0000000000000000
XMM[6]=0x0000000000000000 0x0000000000000000
XMM[7]=0x0000000000000000 0x0000000000000000
XMM[8]=0x0000000000000000 0x0000000000000000
XMM[9]=0x0000000000000000 0x0000000000000000
XMM[10]=0x0000000000000000 0x0000000000000000
XMM[11]=0x0000000000000000 0x0000000000000000
XMM[12]=0x0000000000000000 0x0000000000000000
XMM[13]=0x0000000000000000 0x0000000000000000
XMM[14]=0x0000000000000000 0x0000000000000000
XMM[15]=0x0000000000000000 0x0000000000000000
  MXCSR=0x00001fa0


Register to memory mapping:

RAX=0x0000000000000010 is an unknown value
RBX=0x0 is null
RCX=0xffffffffffffffff is an unknown value
RDX=0x007ff9fe432ff010 is an unknown value
RSP=0x0000006db28fe8d0 is pointing into the stack for thread: 0x0000017abc711ad0
RBP=0x0000017adf3cae30 points into unknown readable memory: 0x0000000714201ee8 | e8 1e 20 14 07 00 00 00
RSI=0x0000006db28fea40 is pointing into the stack for thread: 0x0000017abc711ad0
RDI=0x0000017adf3cae30 points into unknown readable memory: 0x0000000714201ee8 | e8 1e 20 14 07 00 00 00
R8 =0x0000000000000042 is an unknown value
R9 =0x0000000714201ee8 is an oop: java.lang.Thread 
{0x0000000714201ee8} - klass: 'java/lang/Thread' - flags: 

 - ---- fields (total size 14 words):
 - 'threadLocalRandomProbe' 'I' @12  0 (0x00000000)
 - private volatile 'eetop' 'J' @16  1626659166928 (0x0000017abc711ad0)
 - private final 'tid' 'J' @24  3 (0x0000000000000003)
 - 'threadLocalRandomSeed' 'J' @32  0 (0x0000000000000000)
 - injected 'jvmti_thread_state' 'J' @40  1627240578112 (0x0000017adf18bc40)
 - 'threadLocalRandomSecondarySeed' 'I' @48  0 (0x00000000)
 - injected 'jvmti_VTMS_transition_disable_count' 'I' @52  0 (0x00000000)
 - injected 'jfr_epoch' 'S' @56  0 (0x0000)
 - volatile 'interrupted' 'Z' @58  false (0x00)
 - injected 'jvmti_is_in_VTMS_transition' 'Z' @59  false (0x00)
 - private volatile 'name' 'Ljava/lang/String;' @60  "main"{0x0000000714201f58} (0xe28403eb)
 - private volatile 'contextClassLoader' 'Ljava/lang/ClassLoader;' @64  a 'jdk/internal/loader/ClassLoaders$AppClassLoader'{0x00000007142171f8} (0xe2842e3f)
 - private final 'holder' 'Ljava/lang/Thread$FieldHolder;' @68  a 'java/lang/Thread$FieldHolder'{0x0000000714201f98} (0xe28403f3)
 - 'threadLocals' 'Ljava/lang/ThreadLocal$ThreadLocalMap;' @72  a 'java/lang/ThreadLocal$ThreadLocalMap'{0x000000071403dc98} (0xe2807b93)
 - 'inheritableThreadLocals' 'Ljava/lang/ThreadLocal$ThreadLocalMap;' @76  null (0x00000000)
 - private 'scopedValueBindings' 'Ljava/lang/Object;' @80  a 'java/lang/Class'{0x00000007ffe7c280} = 'java/lang/Thread' (0xfffcf850)
 - final 'interruptLock' 'Ljava/lang/Object;' @84  a 'java/lang/Object'{0x0000000714201f88} (0xe28403f1)
 - private volatile 'parkBlocker' 'Ljava/lang/Object;' @88  null (0x00000000)
 - private 'nioBlocker' 'Lsun/nio/ch/Interruptible;' @92  null (0x00000000)
 - private 'cont' 'Ljdk/internal/vm/Continuation;' @96  null (0x00000000)
 - private volatile 'uncaughtExceptionHandler' 'Ljava/lang/Thread$UncaughtExceptionHandler;' @100  null (0x00000000)
 - private 'container' 'Ljdk/internal/vm/ThreadContainer;' @104  null (0x00000000)
 - private volatile 'headStackableScopes' 'Ljdk/internal/vm/StackableScope;' @108  null (0x00000000)
R10=0x00007ff9fe6a9fc0 jvm.dll
R11=0x0000000000000004 is an unknown value
R12=0x0000006db28fea40 is pointing into the stack for thread: 0x0000017abc711ad0
R13=0x0000017abc7071e0 points into unknown readable memory: 0x00007ff9fe61a510 | 10 a5 61 fe f9 7f 00 00
R14=0x0000017abc711e98 points into unknown readable memory: 0x00007ff9fe6117b0 | b0 17 61 fe f9 7f 00 00
R15=0x0000017abc711e98 points into unknown readable memory: 0x00007ff9fe6117b0 | b0 17 61 fe f9 7f 00 00

Top of Stack: (sp=0x0000006db28fe8d0)
0x0000006db28fe8d0:   0000006db28fea40 0000017adf3cae30   @...m...0.<.z...
0x0000006db28fe8e0:   0000000000000000 0000017abec6e900   ............z...
0x0000006db28fe8f0:   000000000000001a 00007ffa064534db   .........4E.....
0x0000006db28fe900:   0000000000000000 0000017abc711e98   ..........q.z...
0x0000006db28fe910:   0000006db28fea01 0000000000000000   ....m...........
0x0000006db28fe920:   0000017adfaaf500 00007ffa06452134   ....z...4!E.....
0x0000006db28fe930:   0000000000000000 000000000000001a   ................
0x0000006db28fe940:   0000000000000000 000000000000001a   ................
0x0000006db28fe950:   00000009bebc8368 0000017adf78c460   h.......`.x.z...
0x0000006db28fe960:   0000017adfaaf500 0000017adfaaf568   ....z...h...z...
0x0000006db28fe970:   0000017adfaaf570 000000000000317c   p...z...|1......
0x0000006db28fe980:   0000000000000000 0000000000000000   ................
0x0000006db28fe990:   0000000000000000 00007ff9fde758e4   .........X......
0x0000006db28fe9a0:   00007ffa065aae00 00000000000146a0   ..Z......F......
0x0000006db28fe9b0:   00007ffa065aae00 00000000ffffffff   ..Z.............
0x0000006db28fe9c0:   0000000000000000 00007ffa064529aa   .........)E.....
0x0000006db28fe9d0:   0000017abc711e98 0000000000000000   ..q.z...........
0x0000006db28fe9e0:   0000006db28fea49 0000017abc7071e0   I...m....qp.z...
0x0000006db28fe9f0:   0000017a000021b4 0000000000000000   .!..z...........
0x0000006db28fea00:   0000000000000000 00007ffa7f1ee1a9   ................
0x0000006db28fea10:   0000017abc711e98 00007ffa065aae00   ..q.z.....Z.....
0x0000006db28fea20:   0000000000000000 00007ffa064ebc53   ........S.N.....
0x0000006db28fea30:   0000000000000000 0000017abc711e98   ..........q.z...
0x0000006db28fea40:   0000017b26269ae0 0000017b26269e20   ..&&{... .&&{...
0x0000006db28fea50:   0000017b26269e20 00007ffa065aae00    .&&{.....Z.....
0x0000006db28fea60:   0000017abebc8368 0000006db28febd8   h...z.......m...
0x0000006db28fea70:   0000006db28fed10 0000000000008840   ....m...@.......
0x0000006db28fea80:   00007ffa0659d080 00007ffa065aae50   ..Y.....P.Z.....
0x0000006db28fea90:   0000000000989680 0000000000989680   ................
0x0000006db28feaa0:   0000006db28febb0 00007ffa0644d561   ....m...a.D.....
0x0000006db28feab0:   00007ffa065aae00 00007ffa065aae58   ..Z.....X.Z.....
0x0000006db28feac0:   00007ffa00000000 003ed87e00000001   ............~.>.

Instructions: (pc=0x00007ffa06453004)
  0x00007ffa06452f04:   cc cc cc cc cc cc cc cc cc cc cc cc cc cc cc cc
  0x00007ffa06452f14:   cc cc cc cc cc cc cc cc cc cc cc cc cc cc cc cc
  0x00007ffa06452f24:   cc cc cc cc cc cc cc cc cc cc cc cc cc cc cc cc
  0x00007ffa06452f34:   cc cc cc cc cc cc cc cc cc cc cc cc cc cc cc cc
  0x00007ffa06452f44:   cc cc cc cc cc cc cc cc cc cc cc cc cc cc cc cc
  0x00007ffa06452f54:   cc cc cc cc cc cc cc cc cc cc cc cc cc cc cc cc
  0x00007ffa06452f64:   cc cc cc cc cc cc cc cc cc cc cc cc cc cc cc cc
  0x00007ffa06452f74:   cc cc cc cc cc cc cc cc cc cc cc cc cc cc cc cc
  0x00007ffa06452f84:   cc cc cc cc cc cc cc cc cc cc cc cc 40 57 48 83
  0x00007ffa06452f94:   ec 20 48 8b f9 48 8b 0d 30 80 15 00 48 85 c9 74
  0x00007ffa06452fa4:   20 48 8b 01 48 8d 54 24 38 41 b8 06 00 01 00 4c
  0x00007ffa06452fb4:   8b 48 30 41 ff d1 85 c0 75 07 48 8b 4c 24 38 eb
  0x00007ffa06452fc4:   02 33 c9 4c 8b 05 0a 81 15 00 48 89 5c 24 30 4d
  0x00007ffa06452fd4:   85 c0 74 4a 48 8b 01 48 8b d7 4c 8b 88 28 03 00
  0x00007ffa06452fe4:   00 41 ff d1 48 85 c0 74 35 48 63 0d b8 3d 15 00
  0x00007ffa06452ff4:   48 8b 14 01 48 85 d2 74 15 48 63 05 bc 3d 15 00
=>0x00007ffa06453004:   8b 04 10 48 8b 5c 24 30 48 83 c4 20 5f c3 b8 ff
  0x00007ffa06453014:   ff ff ff 48 8b 5c 24 30 48 83 c4 20 5f c3 80 3d
  0x00007ffa06453024:   bb 7f 15 00 00 bb ff ff ff ff 74 20 4c 8b 0d 51
  0x00007ffa06453034:   7c 15 00 4c 8d 44 24 38 48 8b 0d 35 7c 15 00 48
  0x00007ffa06453044:   8b d7 41 ff d1 85 c0 0f 44 5c 24 38 8b c3 48 8b
  0x00007ffa06453054:   5c 24 30 48 83 c4 20 5f c3 cc cc cc cc cc cc cc
  0x00007ffa06453064:   cc cc cc cc cc cc cc cc cc cc cc cc cc cc cc cc
  0x00007ffa06453074:   cc cc cc cc cc cc cc cc cc cc cc cc cc cc cc cc
  0x00007ffa06453084:   cc cc cc cc cc cc cc cc cc cc cc cc 48 89 54 24
  0x00007ffa06453094:   10 53 55 56 57 41 56 41 57 48 83 ec 28 48 8b f2
  0x00007ffa064530a4:   4c 8b f1 48 89 4c 24 78 45 33 ff 44 89 7c 24 68
  0x00007ffa064530b4:   c7 44 24 60 01 00 00 00 48 8d 4c 24 68 e8 69 3c
  0x00007ffa064530c4:   f7 ff 8b d8 48 8d 4c 24 60 e8 5d 3c f7 ff 8b e8
  0x00007ffa064530d4:   49 8b ce e8 33 f3 f6 ff 48 8b f8 90 8b c3 f0 0f
  0x00007ffa064530e4:   b1 2f 74 04 f3 90 eb f4 4c 89 3e 4c 89 7e 08 4c
  0x00007ffa064530f4:   89 7e 10 49 8b 6e 08 4d 8b 76 10 49 3b ee 0f 84


Stack slot to memory mapping:

stack at sp + 0 slots: 0x0000006db28fea40 is pointing into the stack for thread: 0x0000017abc711ad0
stack at sp + 1 slots: 0x0000017adf3cae30 points into unknown readable memory: 0x0000000714201ee8 | e8 1e 20 14 07 00 00 00
stack at sp + 2 slots: 0x0 is null
stack at sp + 3 slots: 0x0000017abec6e900 points into unknown readable memory: 0x6e616c2e6176616a | 6a 61 76 61 2e 6c 61 6e
stack at sp + 4 slots: 0x000000000000001a is an unknown value
stack at sp + 5 slots: 0x00007ffa064534db libasyncProfiler.dll
stack at sp + 6 slots: 0x0 is null
stack at sp + 7 slots: 0x0000017abc711e98 points into unknown readable memory: 0x00007ff9fe6117b0 | b0 17 61 fe f9 7f 00 00

Lock stack of current Java thread (top to bottom):


---------------  P R O C E S S  ---------------

Threads class SMR info:
_java_thread_list=0x0000017b261d3d60, length=15, elements={
0x0000017abc711ad0, 0x0000017adf169ce0, 0x0000017adf16a520, 0x0000017adf171080,
0x0000017adf171bb0, 0x0000017adf172810, 0x0000017adf173470, 0x0000017adf174400,
0x0000017adf1750b0, 0x0000017adf22b2f0, 0x0000017adf2cbfa0, 0x0000017adf3fd6d0,
0x0000017adf781460, 0x0000017adfc31cb0, 0x0000017b26204190
}

Java Threads: ( => current thread )
=>0x0000017abc711ad0 JavaThread "main"                              [_thread_in_native, id=68648, stack(0x0000006db2800000,0x0000006db2900000) (1024K)]
  0x0000017adf169ce0 JavaThread "Reference Handler"          daemon [_thread_blocked, id=83024, stack(0x0000006db3000000,0x0000006db3100000) (1024K)]
  0x0000017adf16a520 JavaThread "Finalizer"                  daemon [_thread_blocked, id=72656, stack(0x0000006db3100000,0x0000006db3200000) (1024K)]
  0x0000017adf171080 JavaThread "Signal Dispatcher"          daemon [_thread_blocked, id=45192, stack(0x0000006db3200000,0x0000006db3300000) (1024K)]
  0x0000017adf171bb0 JavaThread "Attach Listener"            daemon [_thread_blocked, id=82636, stack(0x0000006db3300000,0x0000006db3400000) (1024K)]
  0x0000017adf172810 JavaThread "Service Thread"             daemon [_thread_blocked, id=29396, stack(0x0000006db3400000,0x0000006db3500000) (1024K)]
  0x0000017adf173470 JavaThread "Monitor Deflation Thread"   daemon [_thread_blocked, id=56592, stack(0x0000006db3500000,0x0000006db3600000) (1024K)]
  0x0000017adf174400 JavaThread "C2 CompilerThread0"         daemon [_thread_blocked, id=79820, stack(0x0000006db3600000,0x0000006db3700000) (1024K)]
  0x0000017adf1750b0 JavaThread "C1 CompilerThread0"         daemon [_thread_blocked, id=76360, stack(0x0000006db3700000,0x0000006db3800000) (1024K)]
  0x0000017adf22b2f0 JavaThread "Common-Cleaner"             daemon [_thread_blocked, id=77440, stack(0x0000006db3800000,0x0000006db3900000) (1024K)]
  0x0000017adf2cbfa0 JavaThread "C2 CompilerThread1"         daemon [_thread_blocked, id=79000, stack(0x0000006db3900000,0x0000006db3a00000) (1024K)]
  0x0000017adf3fd6d0 JavaThread "Monitor Ctrl-Break"         daemon [_thread_in_native, id=85272, stack(0x0000006db3a00000,0x0000006db3b00000) (1024K)]
  0x0000017adf781460 JavaThread "C2 CompilerThread2"         daemon [_thread_blocked, id=85016, stack(0x0000006db3b00000,0x0000006db3c00000) (1024K)]
  0x0000017adfc31cb0 JavaThread "JFR Recorder Thread"        daemon [_thread_in_native, id=79644, stack(0x0000006db3c00000,0x0000006db3d00000) (1024K)]
  0x0000017b26204190 JavaThread "JFR Periodic Tasks"         daemon [_thread_blocked, id=12668, stack(0x0000006db3d00000,0x0000006db3e00000) (1024K)]
Total: 15

Other Threads:
  0x0000017abe8c88c0 VMThread "VM Thread"                           [id=84420, stack(0x0000006db2f00000,0x0000006db3000000) (1024K)]
  0x0000017abe8977d0 WatcherThread "VM Periodic Task Thread"        [id=85320, stack(0x0000006db2e00000,0x0000006db2f00000) (1024K)]
  0x0000017abe798850 WorkerThread "GC Thread#0"                     [id=34060, stack(0x0000006db2900000,0x0000006db2a00000) (1024K)]
  0x0000017abe7ad210 ConcurrentGCThread "G1 Main Marker"            [id=77976, stack(0x0000006db2a00000,0x0000006db2b00000) (1024K)]
  0x0000017abe7adc30 WorkerThread "G1 Conc#0"                       [id=45768, stack(0x0000006db2b00000,0x0000006db2c00000) (1024K)]
  0x0000017abe87aa20 ConcurrentGCThread "G1 Refine#0"               [id=62504, stack(0x0000006db2c00000,0x0000006db2d00000) (1024K)]
  0x0000017abe87b4b0 ConcurrentGCThread "G1 Service"                [id=74676, stack(0x0000006db2d00000,0x0000006db2e00000) (1024K)]
Total: 7

Threads with active compile tasks:
Total: 0

VM state: not at safepoint (normal execution)

VM Mutex/Monitor currently owned by a thread: None

Heap address: 0x0000000704800000, size: 4024 MB, Compressed Oops mode: Zero based, Oop shift amount: 3

CDS archive(s) mapped at: [0x0000017ae0000000-0x0000017ae0d40000-0x0000017ae0d40000), size 13893632, SharedBaseAddress: 0x0000017ae0000000, ArchiveRelocationMode: 1.
Compressed class space mapped at: 0x0000017ae1000000-0x0000017b21000000, reserved size: 1073741824
UseCompressedClassPointers 1, UseCompactObjectHeaders 0
Narrow klass pointer bits 32, Max shift 3
Narrow klass base: 0x0000017ae0000000, Narrow klass shift: 0
Encoding Range: [0x0000017ae0000000 - 0x0000017be0000000), (4294967296 bytes)
Klass Range:    [0x0000017ae0000000 - 0x0000017b21000000), (1090519040 bytes)
Klass ID Range:  [8 - 1090519033) (1090519025)

GC Precious Log:
 CardTable entry size: 512
 Card Set container configuration: InlinePtr #cards 4 size 8 Array Of Cards #cards 16 size 48 Howl #buckets 8 coarsen threshold 3686 Howl Bitmap #cards 512 size 80 coarsen threshold 460 Card regions per heap region 1 cards per card region 4096
 CPUs: 12 total, 12 available
 Memory: 16088M
 Large Page Support: Disabled
 NUMA Support: Disabled
 Compressed Oops: Enabled (Zero based)
 Heap Region Size: 2M
 Heap Min Capacity: 8M
 Heap Initial Capacity: 252M
 Heap Max Capacity: 4024M
 Pre-touch: Disabled
 Parallel Workers: 10
 Concurrent Workers: 3
 Concurrent Refinement Workers: 10
 Periodic GC: Disabled

Heap:
 garbage-first heap   total reserved 4120576K, committed 260096K, used 19568K [0x0000000704800000, 0x0000000800000000)
  region size 2048K, 11 young (22528K), 0 survivors (0K)
 Metaspace       used 5583K, committed 5760K, reserved 1114112K
  class space    used 459K, committed 512K, reserved 1048576K

Heap Regions: E=young(eden), S=young(survivor), O=old, HS=humongous(starts), HC=humongous(continues), CS=collection set, F=free, TAMS=top-at-mark-start, PB=parsable bottom
|   0|0x0000000704800000, 0x0000000704800000, 0x0000000704a00000|  0%| F|  |TAMS 0x0000000704800000| PB 0x0000000704800000| Untracked |  0
|   1|0x0000000704a00000, 0x0000000704a00000, 0x0000000704c00000|  0%| F|  |TAMS 0x0000000704a00000| PB 0x0000000704a00000| Untracked |  0
|   2|0x0000000704c00000, 0x0000000704c00000, 0x0000000704e00000|  0%| F|  |TAMS 0x0000000704c00000| PB 0x0000000704c00000| Untracked |  0
|   3|0x0000000704e00000, 0x0000000704e00000, 0x0000000705000000|  0%| F|  |TAMS 0x0000000704e00000| PB 0x0000000704e00000| Untracked |  0
|   4|0x0000000705000000, 0x0000000705000000, 0x0000000705200000|  0%| F|  |TAMS 0x0000000705000000| PB 0x0000000705000000| Untracked |  0
|   5|0x0000000705200000, 0x0000000705200000, 0x0000000705400000|  0%| F|  |TAMS 0x0000000705200000| PB 0x0000000705200000| Untracked |  0
|   6|0x0000000705400000, 0x0000000705400000, 0x0000000705600000|  0%| F|  |TAMS 0x0000000705400000| PB 0x0000000705400000| Untracked |  0
|   7|0x0000000705600000, 0x0000000705600000, 0x0000000705800000|  0%| F|  |TAMS 0x0000000705600000| PB 0x0000000705600000| Untracked |  0
|   8|0x0000000705800000, 0x0000000705800000, 0x0000000705a00000|  0%| F|  |TAMS 0x0000000705800000| PB 0x0000000705800000| Untracked |  0
|   9|0x0000000705a00000, 0x0000000705a00000, 0x0000000705c00000|  0%| F|  |TAMS 0x0000000705a00000| PB 0x0000000705a00000| Untracked |  0
|  10|0x0000000705c00000, 0x0000000705c00000, 0x0000000705e00000|  0%| F|  |TAMS 0x0000000705c00000| PB 0x0000000705c00000| Untracked |  0
|  11|0x0000000705e00000, 0x0000000705e00000, 0x0000000706000000|  0%| F|  |TAMS 0x0000000705e00000| PB 0x0000000705e00000| Untracked |  0
|  12|0x0000000706000000, 0x0000000706000000, 0x0000000706200000|  0%| F|  |TAMS 0x0000000706000000| PB 0x0000000706000000| Untracked |  0
|  13|0x0000000706200000, 0x0000000706200000, 0x0000000706400000|  0%| F|  |TAMS 0x0000000706200000| PB 0x0000000706200000| Untracked |  0
|  14|0x0000000706400000, 0x0000000706400000, 0x0000000706600000|  0%| F|  |TAMS 0x0000000706400000| PB 0x0000000706400000| Untracked |  0
|  15|0x0000000706600000, 0x0000000706600000, 0x0000000706800000|  0%| F|  |TAMS 0x0000000706600000| PB 0x0000000706600000| Untracked |  0
|  16|0x0000000706800000, 0x0000000706800000, 0x0000000706a00000|  0%| F|  |TAMS 0x0000000706800000| PB 0x0000000706800000| Untracked |  0
|  17|0x0000000706a00000, 0x0000000706a00000, 0x0000000706c00000|  0%| F|  |TAMS 0x0000000706a00000| PB 0x0000000706a00000| Untracked |  0
|  18|0x0000000706c00000, 0x0000000706c00000, 0x0000000706e00000|  0%| F|  |TAMS 0x0000000706c00000| PB 0x0000000706c00000| Untracked |  0
|  19|0x0000000706e00000, 0x0000000706e00000, 0x0000000707000000|  0%| F|  |TAMS 0x0000000706e00000| PB 0x0000000706e00000| Untracked |  0
|  20|0x0000000707000000, 0x0000000707000000, 0x0000000707200000|  0%| F|  |TAMS 0x0000000707000000| PB 0x0000000707000000| Untracked |  0
|  21|0x0000000707200000, 0x0000000707200000, 0x0000000707400000|  0%| F|  |TAMS 0x0000000707200000| PB 0x0000000707200000| Untracked |  0
|  22|0x0000000707400000, 0x0000000707400000, 0x0000000707600000|  0%| F|  |TAMS 0x0000000707400000| PB 0x0000000707400000| Untracked |  0
|  23|0x0000000707600000, 0x0000000707600000, 0x0000000707800000|  0%| F|  |TAMS 0x0000000707600000| PB 0x0000000707600000| Untracked |  0
|  24|0x0000000707800000, 0x0000000707800000, 0x0000000707a00000|  0%| F|  |TAMS 0x0000000707800000| PB 0x0000000707800000| Untracked |  0
|  25|0x0000000707a00000, 0x0000000707a00000, 0x0000000707c00000|  0%| F|  |TAMS 0x0000000707a00000| PB 0x0000000707a00000| Untracked |  0
|  26|0x0000000707c00000, 0x0000000707c00000, 0x0000000707e00000|  0%| F|  |TAMS 0x0000000707c00000| PB 0x0000000707c00000| Untracked |  0
|  27|0x0000000707e00000, 0x0000000707e00000, 0x0000000708000000|  0%| F|  |TAMS 0x0000000707e00000| PB 0x0000000707e00000| Untracked |  0
|  28|0x0000000708000000, 0x0000000708000000, 0x0000000708200000|  0%| F|  |TAMS 0x0000000708000000| PB 0x0000000708000000| Untracked |  0
|  29|0x0000000708200000, 0x0000000708200000, 0x0000000708400000|  0%| F|  |TAMS 0x0000000708200000| PB 0x0000000708200000| Untracked |  0
|  30|0x0000000708400000, 0x0000000708400000, 0x0000000708600000|  0%| F|  |TAMS 0x0000000708400000| PB 0x0000000708400000| Untracked |  0
|  31|0x0000000708600000, 0x0000000708600000, 0x0000000708800000|  0%| F|  |TAMS 0x0000000708600000| PB 0x0000000708600000| Untracked |  0
|  32|0x0000000708800000, 0x0000000708800000, 0x0000000708a00000|  0%| F|  |TAMS 0x0000000708800000| PB 0x0000000708800000| Untracked |  0
|  33|0x0000000708a00000, 0x0000000708a00000, 0x0000000708c00000|  0%| F|  |TAMS 0x0000000708a00000| PB 0x0000000708a00000| Untracked |  0
|  34|0x0000000708c00000, 0x0000000708c00000, 0x0000000708e00000|  0%| F|  |TAMS 0x0000000708c00000| PB 0x0000000708c00000| Untracked |  0
|  35|0x0000000708e00000, 0x0000000708e00000, 0x0000000709000000|  0%| F|  |TAMS 0x0000000708e00000| PB 0x0000000708e00000| Untracked |  0
|  36|0x0000000709000000, 0x0000000709000000, 0x0000000709200000|  0%| F|  |TAMS 0x0000000709000000| PB 0x0000000709000000| Untracked |  0
|  37|0x0000000709200000, 0x0000000709200000, 0x0000000709400000|  0%| F|  |TAMS 0x0000000709200000| PB 0x0000000709200000| Untracked |  0
|  38|0x0000000709400000, 0x0000000709400000, 0x0000000709600000|  0%| F|  |TAMS 0x0000000709400000| PB 0x0000000709400000| Untracked |  0
|  39|0x0000000709600000, 0x0000000709600000, 0x0000000709800000|  0%| F|  |TAMS 0x0000000709600000| PB 0x0000000709600000| Untracked |  0
|  40|0x0000000709800000, 0x0000000709800000, 0x0000000709a00000|  0%| F|  |TAMS 0x0000000709800000| PB 0x0000000709800000| Untracked |  0
|  41|0x0000000709a00000, 0x0000000709a00000, 0x0000000709c00000|  0%| F|  |TAMS 0x0000000709a00000| PB 0x0000000709a00000| Untracked |  0
|  42|0x0000000709c00000, 0x0000000709c00000, 0x0000000709e00000|  0%| F|  |TAMS 0x0000000709c00000| PB 0x0000000709c00000| Untracked |  0
|  43|0x0000000709e00000, 0x0000000709e00000, 0x000000070a000000|  0%| F|  |TAMS 0x0000000709e00000| PB 0x0000000709e00000| Untracked |  0
|  44|0x000000070a000000, 0x000000070a000000, 0x000000070a200000|  0%| F|  |TAMS 0x000000070a000000| PB 0x000000070a000000| Untracked |  0
|  45|0x000000070a200000, 0x000000070a200000, 0x000000070a400000|  0%| F|  |TAMS 0x000000070a200000| PB 0x000000070a200000| Untracked |  0
|  46|0x000000070a400000, 0x000000070a400000, 0x000000070a600000|  0%| F|  |TAMS 0x000000070a400000| PB 0x000000070a400000| Untracked |  0
|  47|0x000000070a600000, 0x000000070a600000, 0x000000070a800000|  0%| F|  |TAMS 0x000000070a600000| PB 0x000000070a600000| Untracked |  0
|  48|0x000000070a800000, 0x000000070a800000, 0x000000070aa00000|  0%| F|  |TAMS 0x000000070a800000| PB 0x000000070a800000| Untracked |  0
|  49|0x000000070aa00000, 0x000000070aa00000, 0x000000070ac00000|  0%| F|  |TAMS 0x000000070aa00000| PB 0x000000070aa00000| Untracked |  0
|  50|0x000000070ac00000, 0x000000070ac00000, 0x000000070ae00000|  0%| F|  |TAMS 0x000000070ac00000| PB 0x000000070ac00000| Untracked |  0
|  51|0x000000070ae00000, 0x000000070ae00000, 0x000000070b000000|  0%| F|  |TAMS 0x000000070ae00000| PB 0x000000070ae00000| Untracked |  0
|  52|0x000000070b000000, 0x000000070b000000, 0x000000070b200000|  0%| F|  |TAMS 0x000000070b000000| PB 0x000000070b000000| Untracked |  0
|  53|0x000000070b200000, 0x000000070b200000, 0x000000070b400000|  0%| F|  |TAMS 0x000000070b200000| PB 0x000000070b200000| Untracked |  0
|  54|0x000000070b400000, 0x000000070b400000, 0x000000070b600000|  0%| F|  |TAMS 0x000000070b400000| PB 0x000000070b400000| Untracked |  0
|  55|0x000000070b600000, 0x000000070b600000, 0x000000070b800000|  0%| F|  |TAMS 0x000000070b600000| PB 0x000000070b600000| Untracked |  0
|  56|0x000000070b800000, 0x000000070b800000, 0x000000070ba00000|  0%| F|  |TAMS 0x000000070b800000| PB 0x000000070b800000| Untracked |  0
|  57|0x000000070ba00000, 0x000000070ba00000, 0x000000070bc00000|  0%| F|  |TAMS 0x000000070ba00000| PB 0x000000070ba00000| Untracked |  0
|  58|0x000000070bc00000, 0x000000070bc00000, 0x000000070be00000|  0%| F|  |TAMS 0x000000070bc00000| PB 0x000000070bc00000| Untracked |  0
|  59|0x000000070be00000, 0x000000070be00000, 0x000000070c000000|  0%| F|  |TAMS 0x000000070be00000| PB 0x000000070be00000| Untracked |  0
|  60|0x000000070c000000, 0x000000070c000000, 0x000000070c200000|  0%| F|  |TAMS 0x000000070c000000| PB 0x000000070c000000| Untracked |  0
|  61|0x000000070c200000, 0x000000070c200000, 0x000000070c400000|  0%| F|  |TAMS 0x000000070c200000| PB 0x000000070c200000| Untracked |  0
|  62|0x000000070c400000, 0x000000070c400000, 0x000000070c600000|  0%| F|  |TAMS 0x000000070c400000| PB 0x000000070c400000| Untracked |  0
|  63|0x000000070c600000, 0x000000070c600000, 0x000000070c800000|  0%| F|  |TAMS 0x000000070c600000| PB 0x000000070c600000| Untracked |  0
|  64|0x000000070c800000, 0x000000070c800000, 0x000000070ca00000|  0%| F|  |TAMS 0x000000070c800000| PB 0x000000070c800000| Untracked |  0
|  65|0x000000070ca00000, 0x000000070ca00000, 0x000000070cc00000|  0%| F|  |TAMS 0x000000070ca00000| PB 0x000000070ca00000| Untracked |  0
|  66|0x000000070cc00000, 0x000000070cc00000, 0x000000070ce00000|  0%| F|  |TAMS 0x000000070cc00000| PB 0x000000070cc00000| Untracked |  0
|  67|0x000000070ce00000, 0x000000070ce00000, 0x000000070d000000|  0%| F|  |TAMS 0x000000070ce00000| PB 0x000000070ce00000| Untracked |  0
|  68|0x000000070d000000, 0x000000070d000000, 0x000000070d200000|  0%| F|  |TAMS 0x000000070d000000| PB 0x000000070d000000| Untracked |  0
|  69|0x000000070d200000, 0x000000070d200000, 0x000000070d400000|  0%| F|  |TAMS 0x000000070d200000| PB 0x000000070d200000| Untracked |  0
|  70|0x000000070d400000, 0x000000070d400000, 0x000000070d600000|  0%| F|  |TAMS 0x000000070d400000| PB 0x000000070d400000| Untracked |  0
|  71|0x000000070d600000, 0x000000070d600000, 0x000000070d800000|  0%| F|  |TAMS 0x000000070d600000| PB 0x000000070d600000| Untracked |  0
|  72|0x000000070d800000, 0x000000070d800000, 0x000000070da00000|  0%| F|  |TAMS 0x000000070d800000| PB 0x000000070d800000| Untracked |  0
|  73|0x000000070da00000, 0x000000070da00000, 0x000000070dc00000|  0%| F|  |TAMS 0x000000070da00000| PB 0x000000070da00000| Untracked |  0
|  74|0x000000070dc00000, 0x000000070dc00000, 0x000000070de00000|  0%| F|  |TAMS 0x000000070dc00000| PB 0x000000070dc00000| Untracked |  0
|  75|0x000000070de00000, 0x000000070de00000, 0x000000070e000000|  0%| F|  |TAMS 0x000000070de00000| PB 0x000000070de00000| Untracked |  0
|  76|0x000000070e000000, 0x000000070e000000, 0x000000070e200000|  0%| F|  |TAMS 0x000000070e000000| PB 0x000000070e000000| Untracked |  0
|  77|0x000000070e200000, 0x000000070e200000, 0x000000070e400000|  0%| F|  |TAMS 0x000000070e200000| PB 0x000000070e200000| Untracked |  0
|  78|0x000000070e400000, 0x000000070e400000, 0x000000070e600000|  0%| F|  |TAMS 0x000000070e400000| PB 0x000000070e400000| Untracked |  0
|  79|0x000000070e600000, 0x000000070e600000, 0x000000070e800000|  0%| F|  |TAMS 0x000000070e600000| PB 0x000000070e600000| Untracked |  0
|  80|0x000000070e800000, 0x000000070e800000, 0x000000070ea00000|  0%| F|  |TAMS 0x000000070e800000| PB 0x000000070e800000| Untracked |  0
|  81|0x000000070ea00000, 0x000000070ea00000, 0x000000070ec00000|  0%| F|  |TAMS 0x000000070ea00000| PB 0x000000070ea00000| Untracked |  0
|  82|0x000000070ec00000, 0x000000070ec00000, 0x000000070ee00000|  0%| F|  |TAMS 0x000000070ec00000| PB 0x000000070ec00000| Untracked |  0
|  83|0x000000070ee00000, 0x000000070ee00000, 0x000000070f000000|  0%| F|  |TAMS 0x000000070ee00000| PB 0x000000070ee00000| Untracked |  0
|  84|0x000000070f000000, 0x000000070f000000, 0x000000070f200000|  0%| F|  |TAMS 0x000000070f000000| PB 0x000000070f000000| Untracked |  0
|  85|0x000000070f200000, 0x000000070f200000, 0x000000070f400000|  0%| F|  |TAMS 0x000000070f200000| PB 0x000000070f200000| Untracked |  0
|  86|0x000000070f400000, 0x000000070f400000, 0x000000070f600000|  0%| F|  |TAMS 0x000000070f400000| PB 0x000000070f400000| Untracked |  0
|  87|0x000000070f600000, 0x000000070f600000, 0x000000070f800000|  0%| F|  |TAMS 0x000000070f600000| PB 0x000000070f600000| Untracked |  0
|  88|0x000000070f800000, 0x000000070f800000, 0x000000070fa00000|  0%| F|  |TAMS 0x000000070f800000| PB 0x000000070f800000| Untracked |  0
|  89|0x000000070fa00000, 0x000000070fa00000, 0x000000070fc00000|  0%| F|  |TAMS 0x000000070fa00000| PB 0x000000070fa00000| Untracked |  0
|  90|0x000000070fc00000, 0x000000070fc00000, 0x000000070fe00000|  0%| F|  |TAMS 0x000000070fc00000| PB 0x000000070fc00000| Untracked |  0
|  91|0x000000070fe00000, 0x000000070fe00000, 0x0000000710000000|  0%| F|  |TAMS 0x000000070fe00000| PB 0x000000070fe00000| Untracked |  0
|  92|0x0000000710000000, 0x0000000710000000, 0x0000000710200000|  0%| F|  |TAMS 0x0000000710000000| PB 0x0000000710000000| Untracked |  0
|  93|0x0000000710200000, 0x0000000710200000, 0x0000000710400000|  0%| F|  |TAMS 0x0000000710200000| PB 0x0000000710200000| Untracked |  0
|  94|0x0000000710400000, 0x0000000710400000, 0x0000000710600000|  0%| F|  |TAMS 0x0000000710400000| PB 0x0000000710400000| Untracked |  0
|  95|0x0000000710600000, 0x0000000710600000, 0x0000000710800000|  0%| F|  |TAMS 0x0000000710600000| PB 0x0000000710600000| Untracked |  0
|  96|0x0000000710800000, 0x0000000710800000, 0x0000000710a00000|  0%| F|  |TAMS 0x0000000710800000| PB 0x0000000710800000| Untracked |  0
|  97|0x0000000710a00000, 0x0000000710a00000, 0x0000000710c00000|  0%| F|  |TAMS 0x0000000710a00000| PB 0x0000000710a00000| Untracked |  0
|  98|0x0000000710c00000, 0x0000000710c00000, 0x0000000710e00000|  0%| F|  |TAMS 0x0000000710c00000| PB 0x0000000710c00000| Untracked |  0
|  99|0x0000000710e00000, 0x0000000710e00000, 0x0000000711000000|  0%| F|  |TAMS 0x0000000710e00000| PB 0x0000000710e00000| Untracked |  0
| 100|0x0000000711000000, 0x0000000711000000, 0x0000000711200000|  0%| F|  |TAMS 0x0000000711000000| PB 0x0000000711000000| Untracked |  0
| 101|0x0000000711200000, 0x0000000711200000, 0x0000000711400000|  0%| F|  |TAMS 0x0000000711200000| PB 0x0000000711200000| Untracked |  0
| 102|0x0000000711400000, 0x0000000711400000, 0x0000000711600000|  0%| F|  |TAMS 0x0000000711400000| PB 0x0000000711400000| Untracked |  0
| 103|0x0000000711600000, 0x0000000711600000, 0x0000000711800000|  0%| F|  |TAMS 0x0000000711600000| PB 0x0000000711600000| Untracked |  0
| 104|0x0000000711800000, 0x0000000711800000, 0x0000000711a00000|  0%| F|  |TAMS 0x0000000711800000| PB 0x0000000711800000| Untracked |  0
| 105|0x0000000711a00000, 0x0000000711a00000, 0x0000000711c00000|  0%| F|  |TAMS 0x0000000711a00000| PB 0x0000000711a00000| Untracked |  0
| 106|0x0000000711c00000, 0x0000000711c00000, 0x0000000711e00000|  0%| F|  |TAMS 0x0000000711c00000| PB 0x0000000711c00000| Untracked |  0
| 107|0x0000000711e00000, 0x0000000711e00000, 0x0000000712000000|  0%| F|  |TAMS 0x0000000711e00000| PB 0x0000000711e00000| Untracked |  0
| 108|0x0000000712000000, 0x0000000712000000, 0x0000000712200000|  0%| F|  |TAMS 0x0000000712000000| PB 0x0000000712000000| Untracked |  0
| 109|0x0000000712200000, 0x0000000712200000, 0x0000000712400000|  0%| F|  |TAMS 0x0000000712200000| PB 0x0000000712200000| Untracked |  0
| 110|0x0000000712400000, 0x0000000712400000, 0x0000000712600000|  0%| F|  |TAMS 0x0000000712400000| PB 0x0000000712400000| Untracked |  0
| 111|0x0000000712600000, 0x0000000712600000, 0x0000000712800000|  0%| F|  |TAMS 0x0000000712600000| PB 0x0000000712600000| Untracked |  0
| 112|0x0000000712800000, 0x0000000712800000, 0x0000000712a00000|  0%| F|  |TAMS 0x0000000712800000| PB 0x0000000712800000| Untracked |  0
| 113|0x0000000712a00000, 0x0000000712a00000, 0x0000000712c00000|  0%| F|  |TAMS 0x0000000712a00000| PB 0x0000000712a00000| Untracked |  0
| 114|0x0000000712c00000, 0x0000000712c00000, 0x0000000712e00000|  0%| F|  |TAMS 0x0000000712c00000| PB 0x0000000712c00000| Untracked |  0
| 115|0x0000000712e00000, 0x0000000712f1cd58, 0x0000000713000000| 55%| E|  |TAMS 0x0000000712e00000| PB 0x0000000712e00000| Complete |  0
| 116|0x0000000713000000, 0x0000000713200000, 0x0000000713200000|100%| E|  |TAMS 0x0000000713000000| PB 0x0000000713000000| Complete |  0
| 117|0x0000000713200000, 0x0000000713400000, 0x0000000713400000|100%| E|CS|TAMS 0x0000000713200000| PB 0x0000000713200000| Complete |  0
| 118|0x0000000713400000, 0x0000000713600000, 0x0000000713600000|100%| E|CS|TAMS 0x0000000713400000| PB 0x0000000713400000| Complete |  0
| 119|0x0000000713600000, 0x0000000713800000, 0x0000000713800000|100%| E|CS|TAMS 0x0000000713600000| PB 0x0000000713600000| Complete |  0
| 120|0x0000000713800000, 0x0000000713a00000, 0x0000000713a00000|100%| E|CS|TAMS 0x0000000713800000| PB 0x0000000713800000| Complete |  0
| 121|0x0000000713a00000, 0x0000000713c00000, 0x0000000713c00000|100%| E|CS|TAMS 0x0000000713a00000| PB 0x0000000713a00000| Complete |  0
| 122|0x0000000713c00000, 0x0000000713e00000, 0x0000000713e00000|100%| E|CS|TAMS 0x0000000713c00000| PB 0x0000000713c00000| Complete |  0
| 123|0x0000000713e00000, 0x0000000714000000, 0x0000000714000000|100%| E|CS|TAMS 0x0000000713e00000| PB 0x0000000713e00000| Complete |  0
| 124|0x0000000714000000, 0x0000000714200000, 0x0000000714200000|100%| E|CS|TAMS 0x0000000714000000| PB 0x0000000714000000| Complete |  0
| 125|0x0000000714200000, 0x0000000714400000, 0x0000000714400000|100%| E|CS|TAMS 0x0000000714200000| PB 0x0000000714200000| Complete |  0
|2011|0x00000007ffe00000, 0x00000007fff1c348, 0x0000000800000000| 55%| O|  |TAMS 0x00000007ffe00000| PB 0x00000007ffe00000| Untracked |  0

Card table byte_map: [0x0000017ad7ee0000,0x0000017ad86c0000] _byte_map_base: 0x0000017ad46bc000

Marking Bits: (CMBitMap*) 0x0000017abe798e70
 Bits: [0x0000017ad86c0000, 0x0000017adc5a0000)

Polling page: 0x0000017abc930000

Metaspace:

Usage:
  Non-class:      5.00 MB used.
      Class:    459.44 KB used.
       Both:      5.45 MB used.

Virtual space:
  Non-class space:       64.00 MB reserved,       5.12 MB (  8%) committed,  1 nodes.
      Class space:        1.00 GB reserved,     512.00 KB ( <1%) committed,  1 nodes.
             Both:        1.06 GB reserved,       5.62 MB ( <1%) committed. 

Chunk freelists:
   Non-Class:  10.93 MB
       Class:  15.52 MB
        Both:  26.45 MB

MaxMetaspaceSize: unlimited
CompressedClassSpaceSize: 1.00 GB
Initial GC threshold: 21.00 MB
Current GC threshold: 21.00 MB
CDS: on
 - commit_granule_bytes: 65536.
 - commit_granule_words: 8192.
 - virtual_space_node_default_size: 8388608.
 - enlarge_chunks_in_place: 1.
UseCompressedClassPointers 1, UseCompactObjectHeaders 0
Narrow klass pointer bits 32, Max shift 3
Narrow klass base: 0x0000017ae0000000, Narrow klass shift: 0
Encoding Range: [0x0000017ae0000000 - 0x0000017be0000000), (4294967296 bytes)
Klass Range:    [0x0000017ae0000000 - 0x0000017b21000000), (1090519040 bytes)
Klass ID Range:  [8 - 1090519033) (1090519025)


Internal statistics:

num_allocs_failed_limit: 0.
num_arena_births: 68.
num_arena_deaths: 0.
num_vsnodes_births: 2.
num_vsnodes_deaths: 0.
num_space_committed: 90.
num_space_uncommitted: 0.
num_chunks_returned_to_freelist: 0.
num_chunks_taken_from_freelist: 75.
num_chunk_merges: 0.
num_chunk_splits: 52.
num_chunks_enlarged: 33.
num_inconsistent_stats: 0.

CodeHeap 'non-profiled nmethods': size=120064Kb used=391Kb max_used=391Kb free=119672Kb
 bounds [0x0000017acf710000, 0x0000017acf980000, 0x0000017ad6c50000]
CodeHeap 'profiled nmethods': size=120000Kb used=1623Kb max_used=1623Kb free=118376Kb
 bounds [0x0000017ac7c50000, 0x0000017ac7ec0000, 0x0000017acf180000]
CodeHeap 'non-nmethods': size=5696Kb used=1288Kb max_used=1331Kb free=4407Kb
 bounds [0x0000017acf180000, 0x0000017acf3f0000, 0x0000017acf710000]
CodeCache: size=245760Kb, used=3302Kb, max_used=3345Kb, free=242455Kb
 total_blobs=1668, nmethods=1209, adapters=365, full_count=0
Compilation: enabled, stopped_count=0, restarted_count=0

Compilation events (20 events):
Event: 0.347 Thread 0x0000017adf1750b0 nmethod 1202 0x0000017acf76d288 code [0x0000017acf76d380, 0x0000017acf76d448]
Event: 0.347 Thread 0x0000017adf1750b0 1207       1       jdk.jfr.internal.PlatformEventType::isEnabled (5 bytes)
Event: 0.347 Thread 0x0000017adf1750b0 nmethod 1207 0x0000017acf76d588 code [0x0000017acf76d680, 0x0000017acf76d748]
Event: 0.347 Thread 0x0000017adf1750b0 1204       1       jdk.jfr.internal.EventControl::getEventType (5 bytes)
Event: 0.347 Thread 0x0000017adf1750b0 nmethod 1204 0x0000017acf76d888 code [0x0000017acf76d980, 0x0000017acf76da48]
Event: 0.347 Thread 0x0000017adf1750b0 1205       1       jdk.jfr.internal.EventControl::getSettingsId (5 bytes)
Event: 0.347 Thread 0x0000017adf1750b0 nmethod 1205 0x0000017acf76db88 code [0x0000017acf76dc80, 0x0000017acf76dd48]
Event: 0.347 Thread 0x0000017adf1750b0 1206       1       jdk.jfr.internal.EventControl::getNamedControls (5 bytes)
Event: 0.348 Thread 0x0000017adf1750b0 nmethod 1206 0x0000017acf76de88 code [0x0000017acf76df80, 0x0000017acf76e048]
Event: 0.348 Thread 0x0000017adf2cbfa0 nmethod 1175 0x0000017acf76e188 code [0x0000017acf76e360, 0x0000017acf76eee8]
Event: 0.348 Thread 0x0000017adf174400 nmethod 1201 0x0000017acf76ef88 code [0x0000017acf76f0a0, 0x0000017acf76f6a8]
Event: 0.349 Thread 0x0000017adf1750b0 1208       1       jdk.jfr.internal.periodic.EventTask::getEventType (5 bytes)
Event: 0.349 Thread 0x0000017adf1750b0 nmethod 1208 0x0000017acf76f708 code [0x0000017acf76f800, 0x0000017acf76f8c8]
Event: 0.349 Thread 0x0000017adf1750b0 1209       1       jdk.jfr.internal.periodic.PeriodicTask::getPeriod (5 bytes)
Event: 0.349 Thread 0x0000017adf1750b0 nmethod 1209 0x0000017acf76fa08 code [0x0000017acf76fb00, 0x0000017acf76fbc8]
Event: 0.349 Thread 0x0000017adf1750b0 1210       3       java.util.Comparator$$Lambda/0x0000017ae1039870::compare (10 bytes)
Event: 0.349 Thread 0x0000017adf781460 nmethod 1172 0x0000017acf76fd08 code [0x0000017acf76ff80, 0x0000017acf771ea0]
Event: 0.349 Thread 0x0000017adf1750b0 nmethod 1210 0x0000017ac7de5108 code [0x0000017ac7de5260, 0x0000017ac7de56f0]
Event: 0.349 Thread 0x0000017adf1750b0 1211       3       java.util.Comparator::lambda$comparingLong$6043328a$1 (18 bytes)
Event: 0.349 Thread 0x0000017adf1750b0 nmethod 1211 0x0000017ac7de5788 code [0x0000017ac7de58e0, 0x0000017ac7de5cd8]

GC Heap History (0 events):
No events

Dll operation events (9 events):
Event: 0.010 Loaded shared library C:\Users\Admin\.jdks\openjdk-24\bin\java.dll
Event: 0.010 Loaded shared library C:\Users\Admin\.jdks\openjdk-24\bin\zip.dll
Event: 0.030 Loaded shared library C:\Users\Admin\.jdks\openjdk-24\bin\jsvml.dll
Event: 0.058 Loaded shared library C:\Users\Admin\.jdks\openjdk-24\bin\instrument.dll
Event: 0.062 Loaded shared library C:\Users\Admin\.jdks\openjdk-24\bin\net.dll
Event: 0.063 Loaded shared library C:\Users\Admin\.jdks\openjdk-24\bin\nio.dll
Event: 0.066 Loaded shared library C:\Users\Admin\.jdks\openjdk-24\bin\zip.dll
Event: 0.089 Loaded shared library C:\Users\Admin\.jdks\openjdk-24\bin\extnet.dll
Event: 0.160 Loaded shared library C:\Users\Admin\.jdks\openjdk-24\bin\jimage.dll

Deoptimization events (20 events):
Event: 0.325 Thread 0x0000017abc711ad0 Uncommon trap: trap_request=0xffffffd6 fr.pc=0x0000017acf762d80 relative=0x00000000000006a0
Event: 0.325 Thread 0x0000017abc711ad0 Uncommon trap: reason=array_check action=maybe_recompile pc=0x0000017acf762d80 method=jdk.internal.classfile.impl.SplitConstantPool.internalAdd(Ljava/lang/classfile/constantpool/PoolEntry;I)Ljava/lang/classfile/constantpool/PoolEntry; @ 46 c2
Event: 0.325 Thread 0x0000017abc711ad0 DEOPT PACKING pc=0x0000017acf762d80 sp=0x0000006db28fd0f0
Event: 0.325 Thread 0x0000017abc711ad0 DEOPT UNPACKING pc=0x0000017acf298602 sp=0x0000006db28fd0a0 mode 2
Event: 0.325 Thread 0x0000017abc711ad0 Uncommon trap: trap_request=0xffffffd6 fr.pc=0x0000017acf762d80 relative=0x00000000000006a0
Event: 0.325 Thread 0x0000017abc711ad0 Uncommon trap: reason=array_check action=maybe_recompile pc=0x0000017acf762d80 method=jdk.internal.classfile.impl.SplitConstantPool.internalAdd(Ljava/lang/classfile/constantpool/PoolEntry;I)Ljava/lang/classfile/constantpool/PoolEntry; @ 46 c2
Event: 0.325 Thread 0x0000017abc711ad0 DEOPT PACKING pc=0x0000017acf762d80 sp=0x0000006db28fd0d0
Event: 0.325 Thread 0x0000017abc711ad0 DEOPT UNPACKING pc=0x0000017acf298602 sp=0x0000006db28fd080 mode 2
Event: 0.329 Thread 0x0000017abc711ad0 Uncommon trap: trap_request=0xffffff4d fr.pc=0x0000017acf75ce10 relative=0x00000000000000f0
Event: 0.329 Thread 0x0000017abc711ad0 Uncommon trap: reason=unstable_if action=reinterpret pc=0x0000017acf75ce10 method=java.lang.Long.valueOf(J)Ljava/lang/Long; @ 17 c2
Event: 0.329 Thread 0x0000017abc711ad0 DEOPT PACKING pc=0x0000017acf75ce10 sp=0x0000006db28fdfc0
Event: 0.329 Thread 0x0000017abc711ad0 DEOPT UNPACKING pc=0x0000017acf298602 sp=0x0000006db28fdf58 mode 2
Event: 0.338 Thread 0x0000017abc711ad0 Uncommon trap: trap_request=0xffffff4d fr.pc=0x0000017acf76843c relative=0x000000000000021c
Event: 0.339 Thread 0x0000017abc711ad0 Uncommon trap: reason=unstable_if action=reinterpret pc=0x0000017acf76843c method=java.io.ByteArrayOutputStream.ensureCapacity(I)V @ 11 c2
Event: 0.339 Thread 0x0000017abc711ad0 DEOPT PACKING pc=0x0000017acf76843c sp=0x0000006db28fdf80
Event: 0.339 Thread 0x0000017abc711ad0 DEOPT UNPACKING pc=0x0000017acf298602 sp=0x0000006db28fdec8 mode 2
Event: 0.340 Thread 0x0000017abc711ad0 Uncommon trap: trap_request=0xffffff4d fr.pc=0x0000017acf76961c relative=0x00000000000003fc
Event: 0.341 Thread 0x0000017abc711ad0 Uncommon trap: reason=unstable_if action=reinterpret pc=0x0000017acf76961c method=java.io.ByteArrayOutputStream.ensureCapacity(I)V @ 11 c2
Event: 0.341 Thread 0x0000017abc711ad0 DEOPT PACKING pc=0x0000017acf76961c sp=0x0000006db28fdef0
Event: 0.341 Thread 0x0000017abc711ad0 DEOPT UNPACKING pc=0x0000017acf298602 sp=0x0000006db28fdde0 mode 2

Classes loaded (20 events):
Event: 0.329 Loading class jdk/jfr/internal/MetadataWriter
Event: 0.329 Loading class jdk/jfr/internal/MetadataWriter done
Event: 0.329 Loading class jdk/jfr/internal/MetadataDescriptor$Element
Event: 0.329 Loading class jdk/jfr/internal/MetadataDescriptor$Element done
Event: 0.329 Loading class jdk/jfr/internal/MetadataDescriptor$Attribute
Event: 0.329 Loading class jdk/jfr/internal/MetadataDescriptor$Attribute done
Event: 0.334 Loading class jdk/jfr/internal/consumer/StringParser$Encoding
Event: 0.334 Loading class jdk/jfr/internal/consumer/StringParser$Encoding done
Event: 0.342 Loading class jdk/jfr/internal/consumer/RepositoryFiles
Event: 0.342 Loading class jdk/jfr/internal/consumer/RepositoryFiles done
Event: 0.344 Loading class jdk/jfr/internal/SettingsManager$InternalSetting
Event: 0.344 Loading class jdk/jfr/internal/SettingsManager$InternalSetting done
Event: 0.345 Loading class jdk/jfr/internal/util/Rate
Event: 0.345 Loading class jdk/jfr/internal/util/Rate done
Event: 0.345 Loading class jdk/jfr/internal/util/TimespanUnit
Event: 0.345 Loading class jdk/jfr/internal/util/TimespanUnit done
Event: 0.345 Loading class jdk/jfr/internal/util/ValueParser
Event: 0.346 Loading class jdk/jfr/internal/util/ValueParser done
Event: 0.346 Loading class jdk/jfr/internal/periodic/PeriodicType
Event: 0.346 Loading class jdk/jfr/internal/periodic/PeriodicType done

Classes unloaded (0 events):
No events

Classes redefined (1 events):
Event: 0.093 Thread 0x0000017abe8c88c0 redefined class name=java.lang.Throwable, count=1

Internal exceptions (18 events):
Event: 0.066 Thread 0x0000017abc711ad0 Exception <a 'java/lang/NoSuchMethodError'{0x0000000714045f20}: 'void java.lang.invoke.DirectMethodHandle$Holder.invokeStatic(java.lang.Object, java.lang.Object, java.lang.Object)'> (0x0000000714045f20) 
thrown [s\open\src\hotspot\share\interpreter\linkResolver.cpp, line 805]
Event: 0.073 Thread 0x0000017abc711ad0 Exception <a 'java/lang/NoSuchMethodError'{0x000000071407aae0}: 'java.lang.Object java.lang.invoke.Invokers$Holder.invokeExact_MT(java.lang.Object, java.lang.Object, java.lang.Object, java.lang.Object, java.lang.Object)'> (0x000000071407aae0) 
thrown [s\open\src\hotspot\share\interpreter\linkResolver.cpp, line 805]
Event: 0.088 Thread 0x0000017adf3fd6d0 Exception <a 'java/lang/NoSuchMethodError'{0x0000000713e2d018}: 'java.lang.Object java.lang.invoke.DirectMethodHandle$Holder.invokeStaticInit(java.lang.Object)'> (0x0000000713e2d018) 
thrown [s\open\src\hotspot\share\interpreter\linkResolver.cpp, line 805]
Event: 0.091 Thread 0x0000017adf3fd6d0 Exception <a 'java/lang/NoSuchMethodError'{0x0000000713e39928}: 'void java.lang.invoke.DirectMethodHandle$Holder.invokeStatic(java.lang.Object, java.lang.Object)'> (0x0000000713e39928) 
thrown [s\open\src\hotspot\share\interpreter\linkResolver.cpp, line 805]
Event: 0.101 Thread 0x0000017abc711ad0 Exception <a 'java/lang/NoSuchMethodError'{0x0000000713f2c238}: 'java.lang.Object java.lang.invoke.DirectMethodHandle$Holder.invokeStaticInit(java.lang.Object, java.lang.Object, java.lang.Object)'> (0x0000000713f2c238) 
thrown [s\open\src\hotspot\share\interpreter\linkResolver.cpp, line 805]
Event: 0.189 Thread 0x0000017abc711ad0 Exception <a 'java/lang/NoSuchMethodError'{0x0000000713a9bd80}: 'void java.lang.invoke.DirectMethodHandle$Holder.invokeStaticInit(java.lang.Object)'> (0x0000000713a9bd80) 
thrown [s\open\src\hotspot\share\interpreter\linkResolver.cpp, line 805]
Event: 0.201 Thread 0x0000017abc711ad0 Exception <a 'java/lang/NoSuchMethodError'{0x0000000713b4e128}: 'void java.lang.invoke.DirectMethodHandle$Holder.invokeSpecial(java.lang.Object, java.lang.Object, java.lang.Object)'> (0x0000000713b4e128) 
thrown [s\open\src\hotspot\share\interpreter\linkResolver.cpp, line 805]
Event: 0.214 Thread 0x0000017abc711ad0 Exception <a 'java/lang/NoSuchMethodError'{0x0000000713bc8fc8}: 'java.lang.Object java.lang.invoke.DirectMethodHandle$Holder.newInvokeSpecial(java.lang.Object, java.lang.Object, java.lang.Object, java.lang.Object, java.lang.Object)'> (0x0000000713bc8fc8) 
thrown [s\open\src\hotspot\share\interpreter\linkResolver.cpp, line 805]
Event: 0.246 Thread 0x0000017abc711ad0 Exception <a 'java/lang/NoSuchMethodError'{0x00000007139806d0}: 'long java.lang.invoke.DirectMethodHandle$Holder.invokeVirtual(java.lang.Object, java.lang.Object)'> (0x00000007139806d0) 
thrown [s\open\src\hotspot\share\interpreter\linkResolver.cpp, line 805]
Event: 0.280 Thread 0x0000017abc711ad0 Exception <a 'java/lang/NoSuchMethodError'{0x00000007137f68b0}: 'int java.lang.invoke.DirectMethodHandle$Holder.invokeSpecial(java.lang.Object, java.lang.Object, java.lang.Object)'> (0x00000007137f68b0) 
thrown [s\open\src\hotspot\share\interpreter\linkResolver.cpp, line 805]
Event: 0.316 Thread 0x0000017abc711ad0 Exception <a 'java/lang/NoSuchMethodError'{0x00000007135d5538}: 'void java.lang.invoke.DirectMethodHandle$Holder.invokeSpecial(java.lang.Object, java.lang.Object, int)'> (0x00000007135d5538) 
thrown [s\open\src\hotspot\share\interpreter\linkResolver.cpp, line 805]
Event: 0.316 Thread 0x0000017abc711ad0 Exception <a 'java/lang/NoSuchMethodError'{0x00000007135dd178}: 'void java.lang.invoke.Invokers$Holder.invokeExact_MT(java.lang.Object, int, java.lang.Object)'> (0x00000007135dd178) 
thrown [s\open\src\hotspot\share\interpreter\linkResolver.cpp, line 805]
Event: 0.317 Thread 0x0000017abc711ad0 Exception <a 'java/lang/NoSuchMethodError'{0x00000007135fa8c8}: 'void java.lang.invoke.DirectMethodHandle$Holder.invokeStatic(java.lang.Object, java.lang.Object, int)'> (0x00000007135fa8c8) 
thrown [s\open\src\hotspot\share\interpreter\linkResolver.cpp, line 805]
Event: 0.318 Thread 0x0000017abc711ad0 Exception <a 'java/lang/NoSuchMethodError'{0x000000071320db70}: 'java.lang.Object java.lang.invoke.DirectMethodHandle$Holder.newInvokeSpecial(java.lang.Object, java.lang.Object, int)'> (0x000000071320db70) 
thrown [s\open\src\hotspot\share\interpreter\linkResolver.cpp, line 805]
Event: 0.319 Thread 0x0000017b26204190 Exception <a 'java/lang/NoSuchMethodError'{0x00000007132faf60}: 'long java.lang.invoke.DirectMethodHandle$Holder.invokeSpecial(java.lang.Object, java.lang.Object)'> (0x00000007132faf60) 
thrown [s\open\src\hotspot\share\interpreter\linkResolver.cpp, line 805]
Event: 0.321 Thread 0x0000017abc711ad0 Exception <a 'sun/nio/fs/WindowsException'{0x000000071324f960}> (0x000000071324f960) 
thrown [s\open\src\hotspot\share\prims\jni.cpp, line 518]
Event: 0.323 Thread 0x0000017abc711ad0 Exception <a 'sun/nio/fs/WindowsException'{0x000000071325e098}> (0x000000071325e098) 
thrown [s\open\src\hotspot\share\prims\jni.cpp, line 518]
Event: 0.326 Thread 0x0000017abc711ad0 Exception <a 'sun/nio/fs/WindowsException'{0x0000000713270a00}> (0x0000000713270a00) 
thrown [s\open\src\hotspot\share\prims\jni.cpp, line 518]

VM Operations (6 events):
Event: 0.092 Executing VM operation: RedefineClasses
Event: 0.094 Executing VM operation: RedefineClasses done
Event: 0.319 Executing VM operation: HandshakeAllThreads (Deoptimize)
Event: 0.319 Executing VM operation: HandshakeAllThreads (Deoptimize) done
Event: 0.343 Executing VM operation: JFRSafepointClear
Event: 0.343 Executing VM operation: JFRSafepointClear done

Memory protections (0 events):
No events

Nmethod flushes (0 events):
No events

Events (15 events):
Event: 0.021 Thread 0x0000017abc711ad0 Thread added: 0x0000017abc711ad0
Event: 0.028 Thread 0x0000017abc711ad0 Thread added: 0x0000017adf169ce0
Event: 0.028 Thread 0x0000017abc711ad0 Thread added: 0x0000017adf16a520
Event: 0.028 Thread 0x0000017abc711ad0 Thread added: 0x0000017adf171080
Event: 0.028 Thread 0x0000017abc711ad0 Thread added: 0x0000017adf171bb0
Event: 0.028 Thread 0x0000017abc711ad0 Thread added: 0x0000017adf172810
Event: 0.028 Thread 0x0000017abc711ad0 Thread added: 0x0000017adf173470
Event: 0.028 Thread 0x0000017abc711ad0 Thread added: 0x0000017adf174400
Event: 0.028 Thread 0x0000017abc711ad0 Thread added: 0x0000017adf1750b0
Event: 0.044 Thread 0x0000017abc711ad0 Thread added: 0x0000017adf22b2f0
Event: 0.054 Thread 0x0000017adf174400 Thread added: 0x0000017adf2cbfa0
Event: 0.075 Thread 0x0000017abc711ad0 Thread added: 0x0000017adf3fd6d0
Event: 0.164 Thread 0x0000017adf1750b0 Thread added: 0x0000017adf781460
Event: 0.187 Thread 0x0000017abc711ad0 Thread added: 0x0000017adfc31cb0
Event: 0.318 Thread 0x0000017abc711ad0 Thread added: 0x0000017b26204190


Dynamic libraries:
0x00007ff728880000 - 0x00007ff72888e000 	C:\Users\Admin\.jdks\openjdk-24\bin\java.exe
0x00007ffa81920000 - 0x00007ffa81b80000 	C:\WINDOWS\SYSTEM32\ntdll.dll
0x00007ffa80a50000 - 0x00007ffa80b17000 	C:\WINDOWS\System32\KERNEL32.DLL
0x00007ffa7f140000 - 0x00007ffa7f50a000 	C:\WINDOWS\System32\KERNELBASE.dll
0x00007ffa7ef30000 - 0x00007ffa7f07b000 	C:\WINDOWS\System32\ucrtbase.dll
0x00007ffa709a0000 - 0x00007ffa709b6000 	C:\Users\Admin\.jdks\openjdk-24\bin\jli.dll
0x00007ffa70980000 - 0x00007ffa7099b000 	C:\Users\Admin\.jdks\openjdk-24\bin\VCRUNTIME140.dll
0x00007ffa806d0000 - 0x00007ffa8089c000 	C:\WINDOWS\System32\USER32.dll
0x00007ffa65d00000 - 0x00007ffa65f97000 	C:\WINDOWS\WinSxS\amd64_microsoft.windows.common-controls_6595b64144ccf1df_6.0.26100.3624_none_3e086962e3345f24\COMCTL32.dll
0x00007ffa7f080000 - 0x00007ffa7f0a7000 	C:\WINDOWS\System32\win32u.dll
0x00007ffa80d00000 - 0x00007ffa80da9000 	C:\WINDOWS\System32\msvcrt.dll
0x00007ffa81170000 - 0x00007ffa8119a000 	C:\WINDOWS\System32\GDI32.dll
0x00007ffa7ec80000 - 0x00007ffa7edb1000 	C:\WINDOWS\System32\gdi32full.dll
0x00007ffa7f510000 - 0x00007ffa7f5b3000 	C:\WINDOWS\System32\msvcp_win.dll
0x00007ffa80cc0000 - 0x00007ffa80cef000 	C:\WINDOWS\System32\IMM32.DLL
0x00007ffa7af30000 - 0x00007ffa7af3c000 	C:\Users\Admin\.jdks\openjdk-24\bin\vcruntime140_1.dll
0x00007ffa706a0000 - 0x00007ffa7072e000 	C:\Users\Admin\.jdks\openjdk-24\bin\msvcp140.dll
0x00007ff9fd9e0000 - 0x00007ff9fe782000 	C:\Users\Admin\.jdks\openjdk-24\bin\server\jvm.dll
0x00007ffa808a0000 - 0x00007ffa80952000 	C:\WINDOWS\System32\ADVAPI32.dll
0x00007ffa7fae0000 - 0x00007ffa7fb86000 	C:\WINDOWS\System32\sechost.dll
0x00007ffa805b0000 - 0x00007ffa806c6000 	C:\WINDOWS\System32\RPCRT4.dll
0x00007ffa7fc00000 - 0x00007ffa7fc74000 	C:\WINDOWS\System32\WS2_32.dll
0x00007ffa6c640000 - 0x00007ffa6c676000 	C:\WINDOWS\SYSTEM32\WINMM.dll
0x00007ffa7e970000 - 0x00007ffa7e9ce000 	C:\WINDOWS\SYSTEM32\POWRPROF.dll
0x00007ffa77570000 - 0x00007ffa7757b000 	C:\WINDOWS\SYSTEM32\VERSION.dll
0x00007ffa7e950000 - 0x00007ffa7e964000 	C:\WINDOWS\SYSTEM32\UMPDC.dll
0x00007ffa7d910000 - 0x00007ffa7d92a000 	C:\WINDOWS\SYSTEM32\kernel.appcore.dll
0x00007ffa70970000 - 0x00007ffa7097a000 	C:\Users\Admin\.jdks\openjdk-24\bin\jimage.dll
0x00007ffa7c1b0000 - 0x00007ffa7c3f1000 	C:\WINDOWS\SYSTEM32\DBGHELP.DLL
0x00007ffa7f750000 - 0x00007ffa7fad2000 	C:\WINDOWS\System32\combase.dll
0x00007ffa81080000 - 0x00007ffa81156000 	C:\WINDOWS\System32\OLEAUT32.dll
0x00007ffa3f9b0000 - 0x00007ffa3f9e9000 	C:\WINDOWS\SYSTEM32\dbgcore.DLL
0x00007ffa7f680000 - 0x00007ffa7f719000 	C:\WINDOWS\System32\bcryptPrimitives.dll
0x00007ffa70940000 - 0x00007ffa7094f000 	C:\Users\Admin\.jdks\openjdk-24\bin\instrument.dll
0x00007ffa70950000 - 0x00007ffa7096e000 	C:\Users\Admin\.jdks\openjdk-24\bin\java.dll
0x00007ffa80b20000 - 0x00007ffa80cb6000 	C:\WINDOWS\System32\ole32.dll
0x00007ffa7fd80000 - 0x00007ffa804a9000 	C:\WINDOWS\System32\SHELL32.dll
0x00007ffa7edc0000 - 0x00007ffa7ef28000 	C:\WINDOWS\System32\wintypes.dll
0x00007ffa063c0000 - 0x00007ffa065ce000 	C:\Users\Admin\AppData\Local\Temp\idea_libasyncProfiler_dll_temp_folder2\libasyncProfiler.dll
0x00007ffa70870000 - 0x00007ffa70887000 	C:\Users\Admin\.jdks\openjdk-24\bin\zip.dll
0x00007ffa7c770000 - 0x00007ffa7cfc2000 	C:\WINDOWS\SYSTEM32\windows.storage.dll
0x00007ffa80960000 - 0x00007ffa80a4d000 	C:\WINDOWS\System32\SHCORE.dll
0x00007ffa7fc80000 - 0x00007ffa7fce4000 	C:\WINDOWS\System32\shlwapi.dll
0x00007ffa7ea10000 - 0x00007ffa7ea3f000 	C:\WINDOWS\SYSTEM32\profapi.dll
0x00007ffa705c0000 - 0x00007ffa70697000 	C:\Users\Admin\.jdks\openjdk-24\bin\jsvml.dll
0x00007ffa70890000 - 0x00007ffa708a0000 	C:\Users\Admin\.jdks\openjdk-24\bin\net.dll
0x00007ffa7de30000 - 0x00007ffa7de9a000 	C:\WINDOWS\system32\mswsock.dll
0x00007ffa70830000 - 0x00007ffa70846000 	C:\Users\Admin\.jdks\openjdk-24\bin\nio.dll
0x00007ffa70860000 - 0x00007ffa70869000 	C:\Users\Admin\.jdks\openjdk-24\bin\extnet.dll

dbghelp: loaded successfully - version: 4.0.5 - missing functions: none
symbol engine: initialized successfully - sym options: 0x614 - pdb path: .;C:\Users\Admin\.jdks\openjdk-24\bin;C:\WINDOWS\SYSTEM32;C:\WINDOWS\WinSxS\amd64_microsoft.windows.common-controls_6595b64144ccf1df_6.0.26100.3624_none_3e086962e3345f24;C:\Users\Admin\.jdks\openjdk-24\bin\server;C:\Users\Admin\AppData\Local\Temp\idea_libasyncProfiler_dll_temp_folder2

VM Arguments:
jvm_args: -ea -Didea.test.cyclic.buffer.size=1048576 -javaagent:C:\Program Files\JetBrains\IntelliJ IDEA 2024.3.5\lib\idea_rt.jar=53651 -javaagent:C:\Users\Admin\AppData\Local\JetBrains\IntelliJIdea2024.3\captureAgent\debugger-agent.jar -Dkotlinx.coroutines.debug.enable.creation.stack.trace=false -Ddebugger.agent.enable.coroutines=true -Dkotlinx.coroutines.debug.enable.flows.stack.trace=true -Dkotlinx.coroutines.debug.enable.mutable.state.flows.stack.trace=true -agentpath:C:\Users\Admin\AppData\Local\Temp\idea_libasyncProfiler_dll_temp_folder2\libasyncProfiler.dll=start,jfr,event=wall,interval=10ms,jfrsync=profile,cstack=no,file=C:\Users\Admin\IdeaSnapshots\CalculatorTest__1__2025_04_16_112510.jfr,dbghelppath=C:\Users\Admin\AppData\Local\Temp\idea_dbghelp_dll_temp_folder1\dbghelp.dll,log=C:\Users\Admin\AppData\Local\Temp\CalculatorTest__1__2025_04_16_112510.jfr.log.txt,logLevel=DEBUG -Dfile.encoding=UTF-8 -Dsun.stdout.encoding=UTF-8 -Dsun.stderr.encoding=UTF-8 
java_command: com.intellij.rt.junit.JUnitStarter -ideVersion5 CalculatorTest
java_class_path (initial): C:\Program Files\JetBrains\IntelliJ IDEA 2024.3.5\lib\idea_rt.jar;C:\Program Files\JetBrains\IntelliJ IDEA 2024.3.5\plugins\junit\lib\junit5-rt.jar;C:\Program Files\JetBrains\IntelliJ IDEA 2024.3.5\plugins\junit\lib\junit-rt.jar
Launcher Type: SUN_STANDARD

[Global flags]
     intx CICompilerCount                          = 4                                         {product} {ergonomic}
     uint ConcGCThreads                            = 3                                         {product} {ergonomic}
     bool FlightRecorder                           = true                                      {product} {management}
     uint G1ConcRefinementThreads                  = 10                                        {product} {ergonomic}
   size_t G1HeapRegionSize                         = 2097152                                   {product} {ergonomic}
   size_t InitialHeapSize                          = 264241152                                 {product} {ergonomic}
   size_t MarkStackSize                            = 4194304                                   {product} {ergonomic}
   size_t MarkStackSizeMax                         = 536870912                                 {product} {ergonomic}
   size_t MaxHeapSize                              = 4219469824                                {product} {ergonomic}
   size_t MaxNewSize                               = 2531262464                                {product} {ergonomic}
   size_t MinHeapDeltaBytes                        = 2097152                                   {product} {ergonomic}
   size_t MinHeapSize                              = 8388608                                   {product} {ergonomic}
    uintx NonNMethodCodeHeapSize                   = 5832704                                {pd product} {ergonomic}
    uintx NonProfiledCodeHeapSize                  = 122945536                              {pd product} {ergonomic}
    uintx ProfiledCodeHeapSize                     = 122880000                              {pd product} {ergonomic}
    uintx ReservedCodeCacheSize                    = 251658240                              {pd product} {ergonomic}
     bool SegmentedCodeCache                       = true                                      {product} {ergonomic}
   size_t SoftMaxHeapSize                          = 4219469824                             {manageable} {ergonomic}
     bool UseCompressedOops                        = true                           {product lp64_product} {ergonomic}
     bool UseG1GC                                  = true                                      {product} {ergonomic}
     bool UseLargePagesIndividualAllocation        = false                                  {pd product} {ergonomic}

Logging:
Log output configuration:
 #0: stdout all=warning uptime,level,tags foldmultilines=false
 #1: stderr all=off uptime,level,tags foldmultilines=false

Environment Variables:
PATH=C:\WINDOWS\system32;C:\WINDOWS;C:\WINDOWS\System32\Wbem;C:\WINDOWS\System32\WindowsPowerShell\v1.0\;C:\WINDOWS\System32\OpenSSH\;C:\Program Files\Git\cmd;C:\Users\Admin\AppData\Local\Microsoft\WindowsApps;;C:\Program Files\JetBrains\WebStorm 2024.3.4\bin;;C:\Users\Admin\AppData\Local\Programs\Microsoft VS Code\bin
USERNAME=Admin
OS=Windows_NT
PROCESSOR_IDENTIFIER=Intel64 Family 6 Model 154 Stepping 3, GenuineIntel
TMP=C:\Users\Admin\AppData\Local\Temp
TEMP=C:\Users\Admin\AppData\Local\Temp




Periodic native trim disabled

---------------  S Y S T E M  ---------------

OS:
 Windows 11 , 64 bit Build 26100 (10.0.26100.3775)
OS uptime: 6 days 16:11 hours
Hyper-V role detected

CPU: total 12 (initial active 12) (6 cores per cpu, 2 threads per core) family 6 model 154 stepping 3 microcode 0x42a, cx8, cmov, fxsr, ht, mmx, 3dnowpref, sse, sse2, sse3, ssse3, sse4.1, sse4.2, popcnt, lzcnt, tsc, tscinvbit, avx, avx2, aes, erms, clmul, bmi1, bmi2, adx, sha, fma, vzeroupper, clflush, clflushopt, clwb, hv, serialize, rdtscp, rdpid, fsrm, gfni, f16c, cet_ibt, cet_ss
Processor Information for processor 0
  Max Mhz: 2000, Current Mhz: 2000, Mhz Limit: 2000
Processor Information for processor 1
  Max Mhz: 2000, Current Mhz: 2000, Mhz Limit: 2000
Processor Information for processor 2
  Max Mhz: 2000, Current Mhz: 2000, Mhz Limit: 2000
Processor Information for processor 3
  Max Mhz: 2000, Current Mhz: 2000, Mhz Limit: 2000
Processor Information for processor 4
  Max Mhz: 2000, Current Mhz: 2000, Mhz Limit: 2000
Processor Information for processor 5
  Max Mhz: 2000, Current Mhz: 2000, Mhz Limit: 2000
Processor Information for processor 6
  Max Mhz: 2000, Current Mhz: 2000, Mhz Limit: 2000
Processor Information for processor 7
  Max Mhz: 2000, Current Mhz: 2000, Mhz Limit: 2000
Processor Information for processor 8
  Max Mhz: 2000, Current Mhz: 1500, Mhz Limit: 1500
Processor Information for processor 9
  Max Mhz: 2000, Current Mhz: 1500, Mhz Limit: 1500
Processor Information for processor 10
  Max Mhz: 2000, Current Mhz: 1500, Mhz Limit: 1500
Processor Information for processor 11
  Max Mhz: 2000, Current Mhz: 1500, Mhz Limit: 1500

Memory: 4k page, system-wide physical 16088M (5127M free)
TotalPageFile size 18419M (AvailPageFile size 3932M)
current process WorkingSet (physical memory assigned to process): 83M, peak: 83M
current process commit charge ("private bytes"): 389M, peak: 390M

vm_info: OpenJDK 64-Bit Server VM (24+36-3646) for windows-amd64 JRE (24+36-3646), built on 2025-02-06T00:20:43Z with MS VC++ 17.6 (VS2022)

END.
